{
  "0 debug pnpm:scope": {
    "selected": 1,
    "workspacePrefix": "/Users/dream/develop/vue-lib"
  },
  "1 debug pnpm:package-manifest": {
    "initial": {
      "name": "vue-ci-ts",
      "version": "0.1.1",
      "private": true,
      "scripts": {
        "serve": "vue-cli-service serve",
        "build": "vue-cli-service build",
        "test:unit": "vue-cli-service test:unit",
        "lint": "vue-cli-service lint",
        "release": "standard-version",
        "prepare": "husky install",
        "preinstall": "npx only-allow pnpm -y",
        "clean": "pnpm run clean:dist",
        "clean:dist": "rimraf dist",
        "build-lib": "pnpm run start -C internal/build",
        "stub": "pnpm run -C internal/build stub",
        "storybook": "start-storybook -p 6006",
        "build-storybook": "build-storybook"
      },
      "dependencies": {
        "core-js": "^3.8.3",
        "vue": "^3.2.13",
        "vue-router": "^4.0.3",
        "vuex": "^4.0.0"
      },
      "devDependencies": {
        "@babel/core": "^7.17.8",
        "@commitlint/cli": "^16.2.3",
        "@commitlint/config-conventional": "^16.2.1",
        "@storybook/addon-actions": "^6.4.20",
        "@storybook/addon-essentials": "^6.4.20",
        "@storybook/addon-links": "^6.4.20",
        "@storybook/vue3": "^6.4.20",
        "@types/jest": "^27.0.1",
        "@typescript-eslint/eslint-plugin": "^5.17.0",
        "@typescript-eslint/parser": "^5.17.0",
        "@vue/cli-plugin-babel": "~5.0.0",
        "@vue/cli-plugin-eslint": "~5.0.0",
        "@vue/cli-plugin-router": "~5.0.0",
        "@vue/cli-plugin-typescript": "~5.0.0",
        "@vue/cli-plugin-unit-jest": "~5.0.0",
        "@vue/cli-plugin-vuex": "~5.0.0",
        "@vue/cli-service": "~5.0.0",
        "@vue/eslint-config-typescript": "^9.1.0",
        "@vue/test-utils": "^2.0.0-0",
        "@vue/vue3-jest": "^27.0.0-alpha.1",
        "babel-jest": "^27.0.6",
        "babel-loader": "^8.2.4",
        "commitizen": "^4.2.4",
        "cz-conventional-changelog": "^3.3.0",
        "eslint": "^7.32.0",
        "eslint-config-prettier": "^8.3.0",
        "eslint-config-standard": "^16.0.3",
        "eslint-plugin-import": "^2.25.4",
        "eslint-plugin-node": "^11.1.0",
        "eslint-plugin-prettier": "^4.0.0",
        "eslint-plugin-promise": "^5.2.0",
        "eslint-plugin-vue": "^8.5.0",
        "husky": "^7.0.4",
        "jest": "^27.0.5",
        "lint-staged": "^11.1.2",
        "prettier": "^2.4.1",
        "sass": "^1.32.7",
        "sass-loader": "^12.0.0",
        "standard-version": "^9.3.2",
        "ts-jest": "^27.0.4",
        "typescript": "~4.5.5",
        "vue-loader": "^16.8.3"
      },
      "gitHooks": {
        "pre-commit": "lint-staged"
      },
      "config": {
        "commitizen": {
          "path": "./node_modules/cz-conventional-changelog"
        }
      }
    },
    "prefix": "/Users/dream/develop/vue-lib"
  },
  "2 debug pnpm:context": {
    "currentLockfileExists": true,
    "storeDir": "/Users/dream/.pnpm-store/v3",
    "virtualStoreDir": "/Users/dream/develop/vue-lib/node_modules/.pnpm"
  },
  "3 debug pnpm:stage": {
    "prefix": "/Users/dream/develop/vue-lib",
    "stage": "resolution_started"
  },
  "4 debug pnpm:_dependency_resolved": {
    "resolution": "registry.npmjs.org/@babel/core/7.17.8",
    "wanted": {
      "dependentId": ".",
      "name": "@babel/core",
      "rawSpec": "^7.17.8"
    }
  },
  "5 debug pnpm:_dependency_resolved": {
    "resolution": "registry.npmjs.org/@commitlint/cli/16.2.3",
    "wanted": {
      "dependentId": ".",
      "name": "@commitlint/cli",
      "rawSpec": "^16.2.3"
    }
  },
  "6 debug pnpm:_dependency_resolved": {
    "resolution": "registry.npmjs.org/@commitlint/config-conventional/16.2.1",
    "wanted": {
      "dependentId": ".",
      "name": "@commitlint/config-conventional",
      "rawSpec": "^16.2.1"
    }
  },
  "7 debug pnpm:_dependency_resolved": {
    "resolution": "registry.npmjs.org/@storybook/addon-actions/6.4.20",
    "wanted": {
      "dependentId": ".",
      "name": "@storybook/addon-actions",
      "rawSpec": "^6.4.20"
    }
  },
  "8 debug pnpm:_dependency_resolved": {
    "resolution": "registry.npmjs.org/@storybook/addon-essentials/6.4.20",
    "wanted": {
      "dependentId": ".",
      "name": "@storybook/addon-essentials",
      "rawSpec": "^6.4.20"
    }
  },
  "9 debug pnpm:_dependency_resolved": {
    "resolution": "registry.npmjs.org/@storybook/addon-links/6.4.20",
    "wanted": {
      "dependentId": ".",
      "name": "@storybook/addon-links",
      "rawSpec": "^6.4.20"
    }
  },
  "10 debug pnpm:_dependency_resolved": {
    "resolution": "registry.npmjs.org/@storybook/vue3/6.4.20",
    "wanted": {
      "dependentId": ".",
      "name": "@storybook/vue3",
      "rawSpec": "^6.4.20"
    }
  },
  "11 debug pnpm:_dependency_resolved": {
    "resolution": "registry.npmjs.org/@types/jest/27.4.1",
    "wanted": {
      "dependentId": ".",
      "name": "@types/jest",
      "rawSpec": "^27.0.1"
    }
  },
  "12 debug pnpm:_dependency_resolved": {
    "resolution": "registry.npmjs.org/@typescript-eslint/eslint-plugin/5.17.0",
    "wanted": {
      "dependentId": ".",
      "name": "@typescript-eslint/eslint-plugin",
      "rawSpec": "^5.17.0"
    }
  },
  "13 debug pnpm:_dependency_resolved": {
    "resolution": "registry.npmjs.org/@typescript-eslint/parser/5.17.0",
    "wanted": {
      "dependentId": ".",
      "name": "@typescript-eslint/parser",
      "rawSpec": "^5.17.0"
    }
  },
  "14 debug pnpm:_dependency_resolved": {
    "resolution": "registry.npmjs.org/@vue/cli-plugin-babel/5.0.4",
    "wanted": {
      "dependentId": ".",
      "name": "@vue/cli-plugin-babel",
      "rawSpec": "~5.0.0"
    }
  },
  "15 debug pnpm:_dependency_resolved": {
    "resolution": "registry.npmjs.org/@vue/cli-plugin-eslint/5.0.4",
    "wanted": {
      "dependentId": ".",
      "name": "@vue/cli-plugin-eslint",
      "rawSpec": "~5.0.0"
    }
  },
  "16 debug pnpm:_dependency_resolved": {
    "resolution": "registry.npmjs.org/@vue/cli-plugin-router/5.0.4",
    "wanted": {
      "dependentId": ".",
      "name": "@vue/cli-plugin-router",
      "rawSpec": "~5.0.0"
    }
  },
  "17 debug pnpm:_dependency_resolved": {
    "resolution": "registry.npmjs.org/@vue/cli-plugin-typescript/5.0.4",
    "wanted": {
      "dependentId": ".",
      "name": "@vue/cli-plugin-typescript",
      "rawSpec": "~5.0.0"
    }
  },
  "18 debug pnpm:_dependency_resolved": {
    "resolution": "registry.npmjs.org/@vue/cli-plugin-unit-jest/5.0.4",
    "wanted": {
      "dependentId": ".",
      "name": "@vue/cli-plugin-unit-jest",
      "rawSpec": "~5.0.0"
    }
  },
  "19 debug pnpm:_dependency_resolved": {
    "resolution": "registry.npmjs.org/@vue/cli-plugin-vuex/5.0.4",
    "wanted": {
      "dependentId": ".",
      "name": "@vue/cli-plugin-vuex",
      "rawSpec": "~5.0.0"
    }
  },
  "20 debug pnpm:_dependency_resolved": {
    "resolution": "registry.npmjs.org/@vue/cli-service/5.0.4",
    "wanted": {
      "dependentId": ".",
      "name": "@vue/cli-service",
      "rawSpec": "~5.0.0"
    }
  },
  "21 debug pnpm:_dependency_resolved": {
    "resolution": "registry.npmjs.org/@vue/eslint-config-typescript/9.1.0",
    "wanted": {
      "dependentId": ".",
      "name": "@vue/eslint-config-typescript",
      "rawSpec": "^9.1.0"
    }
  },
  "22 debug pnpm:_dependency_resolved": {
    "resolution": "registry.npmjs.org/@vue/test-utils/2.0.0-rc.17",
    "wanted": {
      "dependentId": ".",
      "name": "@vue/test-utils",
      "rawSpec": "^2.0.0-0"
    }
  },
  "23 debug pnpm:_dependency_resolved": {
    "resolution": "registry.npmjs.org/@vue/vue3-jest/27.0.0-alpha.4",
    "wanted": {
      "dependentId": ".",
      "name": "@vue/vue3-jest",
      "rawSpec": "^27.0.0-alpha.1"
    }
  },
  "24 debug pnpm:_dependency_resolved": {
    "resolution": "registry.npmjs.org/babel-jest/27.5.1",
    "wanted": {
      "dependentId": ".",
      "name": "babel-jest",
      "rawSpec": "^27.0.6"
    }
  },
  "25 debug pnpm:_dependency_resolved": {
    "resolution": "registry.npmjs.org/babel-loader/8.2.4",
    "wanted": {
      "dependentId": ".",
      "name": "babel-loader",
      "rawSpec": "^8.2.4"
    }
  },
  "26 debug pnpm:_dependency_resolved": {
    "resolution": "registry.npmjs.org/commitizen/4.2.4",
    "wanted": {
      "dependentId": ".",
      "name": "commitizen",
      "rawSpec": "^4.2.4"
    }
  },
  "27 debug pnpm:_dependency_resolved": {
    "resolution": "registry.npmjs.org/eslint/7.32.0",
    "wanted": {
      "dependentId": ".",
      "name": "eslint",
      "rawSpec": "^7.32.0"
    }
  },
  "28 debug pnpm:_dependency_resolved": {
    "resolution": "registry.npmjs.org/cz-conventional-changelog/3.3.0",
    "wanted": {
      "dependentId": ".",
      "name": "cz-conventional-changelog",
      "rawSpec": "^3.3.0"
    }
  },
  "29 debug pnpm:_dependency_resolved": {
    "resolution": "registry.npmjs.org/eslint-config-prettier/8.5.0",
    "wanted": {
      "dependentId": ".",
      "name": "eslint-config-prettier",
      "rawSpec": "^8.3.0"
    }
  },
  "30 debug pnpm:_dependency_resolved": {
    "resolution": "registry.npmjs.org/eslint-config-standard/16.0.3",
    "wanted": {
      "dependentId": ".",
      "name": "eslint-config-standard",
      "rawSpec": "^16.0.3"
    }
  },
  "31 debug pnpm:_dependency_resolved": {
    "resolution": "registry.npmjs.org/eslint-plugin-import/2.25.4",
    "wanted": {
      "dependentId": ".",
      "name": "eslint-plugin-import",
      "rawSpec": "^2.25.4"
    }
  },
  "32 debug pnpm:_dependency_resolved": {
    "resolution": "registry.npmjs.org/eslint-plugin-node/11.1.0",
    "wanted": {
      "dependentId": ".",
      "name": "eslint-plugin-node",
      "rawSpec": "^11.1.0"
    }
  },
  "33 debug pnpm:_dependency_resolved": {
    "resolution": "registry.npmjs.org/eslint-plugin-prettier/4.0.0",
    "wanted": {
      "dependentId": ".",
      "name": "eslint-plugin-prettier",
      "rawSpec": "^4.0.0"
    }
  },
  "34 debug pnpm:_dependency_resolved": {
    "resolution": "registry.npmjs.org/eslint-plugin-promise/5.2.0",
    "wanted": {
      "dependentId": ".",
      "name": "eslint-plugin-promise",
      "rawSpec": "^5.2.0"
    }
  },
  "35 debug pnpm:_dependency_resolved": {
    "resolution": "registry.npmjs.org/eslint-plugin-vue/8.5.0",
    "wanted": {
      "dependentId": ".",
      "name": "eslint-plugin-vue",
      "rawSpec": "^8.5.0"
    }
  },
  "36 debug pnpm:_dependency_resolved": {
    "resolution": "registry.npmjs.org/husky/7.0.4",
    "wanted": {
      "dependentId": ".",
      "name": "husky",
      "rawSpec": "^7.0.4"
    }
  },
  "37 debug pnpm:_dependency_resolved": {
    "resolution": "registry.npmjs.org/jest/27.5.1",
    "wanted": {
      "dependentId": ".",
      "name": "jest",
      "rawSpec": "^27.0.5"
    }
  },
  "38 debug pnpm:_dependency_resolved": {
    "resolution": "registry.npmjs.org/lint-staged/11.2.6",
    "wanted": {
      "dependentId": ".",
      "name": "lint-staged",
      "rawSpec": "^11.1.2"
    }
  },
  "39 debug pnpm:_dependency_resolved": {
    "resolution": "registry.npmjs.org/prettier/2.6.2",
    "wanted": {
      "dependentId": ".",
      "name": "prettier",
      "rawSpec": "^2.4.1"
    }
  },
  "40 debug pnpm:_dependency_resolved": {
    "resolution": "registry.npmjs.org/sass/1.49.11",
    "wanted": {
      "dependentId": ".",
      "name": "sass",
      "rawSpec": "^1.32.7"
    }
  },
  "41 debug pnpm:_dependency_resolved": {
    "resolution": "registry.npmjs.org/sass-loader/12.6.0",
    "wanted": {
      "dependentId": ".",
      "name": "sass-loader",
      "rawSpec": "^12.0.0"
    }
  },
  "42 debug pnpm:_dependency_resolved": {
    "resolution": "registry.npmjs.org/standard-version/9.3.2",
    "wanted": {
      "dependentId": ".",
      "name": "standard-version",
      "rawSpec": "^9.3.2"
    }
  },
  "43 debug pnpm:_dependency_resolved": {
    "resolution": "registry.npmjs.org/ts-jest/27.1.4",
    "wanted": {
      "dependentId": ".",
      "name": "ts-jest",
      "rawSpec": "^27.0.4"
    }
  },
  "44 debug pnpm:_dependency_resolved": {
    "resolution": "registry.npmjs.org/typescript/4.5.5",
    "wanted": {
      "dependentId": ".",
      "name": "typescript",
      "rawSpec": "~4.5.5"
    }
  },
  "45 debug pnpm:_dependency_resolved": {
    "resolution": "registry.npmjs.org/vue-loader/16.8.3",
    "wanted": {
      "dependentId": ".",
      "name": "vue-loader",
      "rawSpec": "^16.8.3"
    }
  },
  "46 debug pnpm:_dependency_resolved": {
    "resolution": "registry.npmjs.org/core-js/3.21.1",
    "wanted": {
      "dependentId": ".",
      "name": "core-js",
      "rawSpec": "^3.8.3"
    }
  },
  "47 debug pnpm:_dependency_resolved": {
    "resolution": "registry.npmjs.org/vue/3.2.31",
    "wanted": {
      "dependentId": ".",
      "name": "vue",
      "rawSpec": "^3.2.13"
    }
  },
  "48 debug pnpm:_dependency_resolved": {
    "resolution": "registry.npmjs.org/vue-router/4.0.14",
    "wanted": {
      "dependentId": ".",
      "name": "vue-router",
      "rawSpec": "^4.0.3"
    }
  },
  "49 debug pnpm:_dependency_resolved": {
    "resolution": "registry.npmjs.org/vuex/4.0.2",
    "wanted": {
      "dependentId": ".",
      "name": "vuex",
      "rawSpec": "^4.0.0"
    }
  },
  "50 debug pnpm:progress": {
    "packageId": "registry.npmjs.org/@babel/core/7.17.8",
    "requester": "/Users/dream/develop/vue-lib",
    "status": "found_in_store"
  },
  "51 debug pnpm:progress": {
    "packageId": "registry.npmjs.org/@babel/core/7.17.8",
    "requester": "/Users/dream/develop/vue-lib",
    "status": "resolved"
  },
  "52 debug pnpm:progress": {
    "packageId": "registry.npmjs.org/@commitlint/cli/16.2.3",
    "requester": "/Users/dream/develop/vue-lib",
    "status": "found_in_store"
  },
  "53 debug pnpm:progress": {
    "packageId": "registry.npmjs.org/@commitlint/cli/16.2.3",
    "requester": "/Users/dream/develop/vue-lib",
    "status": "resolved"
  },
  "54 debug pnpm:progress": {
    "packageId": "registry.npmjs.org/@commitlint/config-conventional/16.2.1",
    "requester": "/Users/dream/develop/vue-lib",
    "status": "found_in_store"
  },
  "55 debug pnpm:progress": {
    "packageId": "registry.npmjs.org/@commitlint/config-conventional/16.2.1",
    "requester": "/Users/dream/develop/vue-lib",
    "status": "resolved"
  },
  "56 debug pnpm:progress": {
    "packageId": "registry.npmjs.org/@storybook/addon-actions/6.4.20",
    "requester": "/Users/dream/develop/vue-lib",
    "status": "found_in_store"
  },
  "57 debug pnpm:progress": {
    "packageId": "registry.npmjs.org/@storybook/addon-actions/6.4.20",
    "requester": "/Users/dream/develop/vue-lib",
    "status": "resolved"
  },
  "58 debug pnpm:progress": {
    "packageId": "registry.npmjs.org/@storybook/addon-essentials/6.4.20",
    "requester": "/Users/dream/develop/vue-lib",
    "status": "found_in_store"
  },
  "59 debug pnpm:progress": {
    "packageId": "registry.npmjs.org/@storybook/addon-essentials/6.4.20",
    "requester": "/Users/dream/develop/vue-lib",
    "status": "resolved"
  },
  "60 debug pnpm:progress": {
    "packageId": "registry.npmjs.org/@storybook/addon-links/6.4.20",
    "requester": "/Users/dream/develop/vue-lib",
    "status": "found_in_store"
  },
  "61 debug pnpm:progress": {
    "packageId": "registry.npmjs.org/@storybook/addon-links/6.4.20",
    "requester": "/Users/dream/develop/vue-lib",
    "status": "resolved"
  },
  "62 debug pnpm:progress": {
    "packageId": "registry.npmjs.org/@storybook/vue3/6.4.20",
    "requester": "/Users/dream/develop/vue-lib",
    "status": "found_in_store"
  },
  "63 debug pnpm:progress": {
    "packageId": "registry.npmjs.org/@storybook/vue3/6.4.20",
    "requester": "/Users/dream/develop/vue-lib",
    "status": "resolved"
  },
  "64 debug pnpm:progress": {
    "packageId": "registry.npmjs.org/@types/jest/27.4.1",
    "requester": "/Users/dream/develop/vue-lib",
    "status": "found_in_store"
  },
  "65 debug pnpm:progress": {
    "packageId": "registry.npmjs.org/@types/jest/27.4.1",
    "requester": "/Users/dream/develop/vue-lib",
    "status": "resolved"
  },
  "66 debug pnpm:progress": {
    "packageId": "registry.npmjs.org/@typescript-eslint/parser/5.17.0",
    "requester": "/Users/dream/develop/vue-lib",
    "status": "found_in_store"
  },
  "67 debug pnpm:progress": {
    "packageId": "registry.npmjs.org/@typescript-eslint/parser/5.17.0",
    "requester": "/Users/dream/develop/vue-lib",
    "status": "resolved"
  },
  "68 debug pnpm:progress": {
    "packageId": "registry.npmjs.org/@vue/cli-plugin-babel/5.0.4",
    "requester": "/Users/dream/develop/vue-lib",
    "status": "found_in_store"
  },
  "69 debug pnpm:progress": {
    "packageId": "registry.npmjs.org/@vue/cli-plugin-babel/5.0.4",
    "requester": "/Users/dream/develop/vue-lib",
    "status": "resolved"
  },
  "70 debug pnpm:progress": {
    "packageId": "registry.npmjs.org/@vue/cli-plugin-eslint/5.0.4",
    "requester": "/Users/dream/develop/vue-lib",
    "status": "found_in_store"
  },
  "71 debug pnpm:progress": {
    "packageId": "registry.npmjs.org/@vue/cli-plugin-eslint/5.0.4",
    "requester": "/Users/dream/develop/vue-lib",
    "status": "resolved"
  },
  "72 debug pnpm:progress": {
    "packageId": "registry.npmjs.org/@vue/cli-plugin-router/5.0.4",
    "requester": "/Users/dream/develop/vue-lib",
    "status": "found_in_store"
  },
  "73 debug pnpm:progress": {
    "packageId": "registry.npmjs.org/@vue/cli-plugin-router/5.0.4",
    "requester": "/Users/dream/develop/vue-lib",
    "status": "resolved"
  },
  "74 debug pnpm:progress": {
    "packageId": "registry.npmjs.org/@vue/cli-plugin-typescript/5.0.4",
    "requester": "/Users/dream/develop/vue-lib",
    "status": "found_in_store"
  },
  "75 debug pnpm:progress": {
    "packageId": "registry.npmjs.org/@vue/cli-plugin-typescript/5.0.4",
    "requester": "/Users/dream/develop/vue-lib",
    "status": "resolved"
  },
  "76 debug pnpm:progress": {
    "packageId": "registry.npmjs.org/@vue/cli-plugin-unit-jest/5.0.4",
    "requester": "/Users/dream/develop/vue-lib",
    "status": "found_in_store"
  },
  "77 debug pnpm:progress": {
    "packageId": "registry.npmjs.org/@vue/cli-plugin-unit-jest/5.0.4",
    "requester": "/Users/dream/develop/vue-lib",
    "status": "resolved"
  },
  "78 debug pnpm:progress": {
    "packageId": "registry.npmjs.org/@typescript-eslint/eslint-plugin/5.17.0",
    "requester": "/Users/dream/develop/vue-lib",
    "status": "found_in_store"
  },
  "79 debug pnpm:progress": {
    "packageId": "registry.npmjs.org/@typescript-eslint/eslint-plugin/5.17.0",
    "requester": "/Users/dream/develop/vue-lib",
    "status": "resolved"
  },
  "80 debug pnpm:progress": {
    "packageId": "registry.npmjs.org/@vue/cli-plugin-vuex/5.0.4",
    "requester": "/Users/dream/develop/vue-lib",
    "status": "found_in_store"
  },
  "81 debug pnpm:progress": {
    "packageId": "registry.npmjs.org/@vue/cli-plugin-vuex/5.0.4",
    "requester": "/Users/dream/develop/vue-lib",
    "status": "resolved"
  },
  "82 debug pnpm:progress": {
    "packageId": "registry.npmjs.org/@vue/cli-service/5.0.4",
    "requester": "/Users/dream/develop/vue-lib",
    "status": "found_in_store"
  },
  "83 debug pnpm:progress": {
    "packageId": "registry.npmjs.org/@vue/cli-service/5.0.4",
    "requester": "/Users/dream/develop/vue-lib",
    "status": "resolved"
  },
  "84 debug pnpm:progress": {
    "packageId": "registry.npmjs.org/@vue/eslint-config-typescript/9.1.0",
    "requester": "/Users/dream/develop/vue-lib",
    "status": "found_in_store"
  },
  "85 debug pnpm:progress": {
    "packageId": "registry.npmjs.org/@vue/eslint-config-typescript/9.1.0",
    "requester": "/Users/dream/develop/vue-lib",
    "status": "resolved"
  },
  "86 debug pnpm:progress": {
    "packageId": "registry.npmjs.org/@vue/test-utils/2.0.0-rc.17",
    "requester": "/Users/dream/develop/vue-lib",
    "status": "found_in_store"
  },
  "87 debug pnpm:progress": {
    "packageId": "registry.npmjs.org/@vue/test-utils/2.0.0-rc.17",
    "requester": "/Users/dream/develop/vue-lib",
    "status": "resolved"
  },
  "88 debug pnpm:progress": {
    "packageId": "registry.npmjs.org/@vue/vue3-jest/27.0.0-alpha.4",
    "requester": "/Users/dream/develop/vue-lib",
    "status": "found_in_store"
  },
  "89 debug pnpm:progress": {
    "packageId": "registry.npmjs.org/@vue/vue3-jest/27.0.0-alpha.4",
    "requester": "/Users/dream/develop/vue-lib",
    "status": "resolved"
  },
  "90 debug pnpm:progress": {
    "packageId": "registry.npmjs.org/babel-jest/27.5.1",
    "requester": "/Users/dream/develop/vue-lib",
    "status": "found_in_store"
  },
  "91 debug pnpm:progress": {
    "packageId": "registry.npmjs.org/babel-jest/27.5.1",
    "requester": "/Users/dream/develop/vue-lib",
    "status": "resolved"
  },
  "92 debug pnpm:progress": {
    "packageId": "registry.npmjs.org/babel-loader/8.2.4",
    "requester": "/Users/dream/develop/vue-lib",
    "status": "found_in_store"
  },
  "93 debug pnpm:progress": {
    "packageId": "registry.npmjs.org/babel-loader/8.2.4",
    "requester": "/Users/dream/develop/vue-lib",
    "status": "resolved"
  },
  "94 debug pnpm:progress": {
    "packageId": "registry.npmjs.org/cz-conventional-changelog/3.3.0",
    "requester": "/Users/dream/develop/vue-lib",
    "status": "found_in_store"
  },
  "95 debug pnpm:progress": {
    "packageId": "registry.npmjs.org/cz-conventional-changelog/3.3.0",
    "requester": "/Users/dream/develop/vue-lib",
    "status": "resolved"
  },
  "96 debug pnpm:progress": {
    "packageId": "registry.npmjs.org/eslint-config-prettier/8.5.0",
    "requester": "/Users/dream/develop/vue-lib",
    "status": "found_in_store"
  },
  "97 debug pnpm:progress": {
    "packageId": "registry.npmjs.org/eslint-config-prettier/8.5.0",
    "requester": "/Users/dream/develop/vue-lib",
    "status": "resolved"
  },
  "98 debug pnpm:progress": {
    "packageId": "registry.npmjs.org/eslint-config-standard/16.0.3",
    "requester": "/Users/dream/develop/vue-lib",
    "status": "found_in_store"
  },
  "99 debug pnpm:progress": {
    "packageId": "registry.npmjs.org/eslint-config-standard/16.0.3",
    "requester": "/Users/dream/develop/vue-lib",
    "status": "resolved"
  },
  "100 debug pnpm:progress": {
    "packageId": "registry.npmjs.org/eslint-plugin-import/2.25.4",
    "requester": "/Users/dream/develop/vue-lib",
    "status": "found_in_store"
  },
  "101 debug pnpm:progress": {
    "packageId": "registry.npmjs.org/eslint-plugin-import/2.25.4",
    "requester": "/Users/dream/develop/vue-lib",
    "status": "resolved"
  },
  "102 debug pnpm:progress": {
    "packageId": "registry.npmjs.org/eslint-plugin-node/11.1.0",
    "requester": "/Users/dream/develop/vue-lib",
    "status": "found_in_store"
  },
  "103 debug pnpm:progress": {
    "packageId": "registry.npmjs.org/eslint-plugin-node/11.1.0",
    "requester": "/Users/dream/develop/vue-lib",
    "status": "resolved"
  },
  "104 debug pnpm:progress": {
    "packageId": "registry.npmjs.org/eslint-plugin-prettier/4.0.0",
    "requester": "/Users/dream/develop/vue-lib",
    "status": "found_in_store"
  },
  "105 debug pnpm:progress": {
    "packageId": "registry.npmjs.org/eslint-plugin-prettier/4.0.0",
    "requester": "/Users/dream/develop/vue-lib",
    "status": "resolved"
  },
  "106 debug pnpm:progress": {
    "packageId": "registry.npmjs.org/commitizen/4.2.4",
    "requester": "/Users/dream/develop/vue-lib",
    "status": "found_in_store"
  },
  "107 debug pnpm:progress": {
    "packageId": "registry.npmjs.org/commitizen/4.2.4",
    "requester": "/Users/dream/develop/vue-lib",
    "status": "resolved"
  },
  "108 debug pnpm:progress": {
    "packageId": "registry.npmjs.org/eslint/7.32.0",
    "requester": "/Users/dream/develop/vue-lib",
    "status": "found_in_store"
  },
  "109 debug pnpm:progress": {
    "packageId": "registry.npmjs.org/eslint/7.32.0",
    "requester": "/Users/dream/develop/vue-lib",
    "status": "resolved"
  },
  "110 debug pnpm:progress": {
    "packageId": "registry.npmjs.org/eslint-plugin-promise/5.2.0",
    "requester": "/Users/dream/develop/vue-lib",
    "status": "found_in_store"
  },
  "111 debug pnpm:progress": {
    "packageId": "registry.npmjs.org/eslint-plugin-promise/5.2.0",
    "requester": "/Users/dream/develop/vue-lib",
    "status": "resolved"
  },
  "112 debug pnpm:progress": {
    "packageId": "registry.npmjs.org/husky/7.0.4",
    "requester": "/Users/dream/develop/vue-lib",
    "status": "found_in_store"
  },
  "113 debug pnpm:progress": {
    "packageId": "registry.npmjs.org/husky/7.0.4",
    "requester": "/Users/dream/develop/vue-lib",
    "status": "resolved"
  },
  "114 debug pnpm:progress": {
    "packageId": "registry.npmjs.org/eslint-plugin-vue/8.5.0",
    "requester": "/Users/dream/develop/vue-lib",
    "status": "found_in_store"
  },
  "115 debug pnpm:progress": {
    "packageId": "registry.npmjs.org/eslint-plugin-vue/8.5.0",
    "requester": "/Users/dream/develop/vue-lib",
    "status": "resolved"
  },
  "116 debug pnpm:progress": {
    "packageId": "registry.npmjs.org/jest/27.5.1",
    "requester": "/Users/dream/develop/vue-lib",
    "status": "found_in_store"
  },
  "117 debug pnpm:progress": {
    "packageId": "registry.npmjs.org/jest/27.5.1",
    "requester": "/Users/dream/develop/vue-lib",
    "status": "resolved"
  },
  "118 debug pnpm:progress": {
    "packageId": "registry.npmjs.org/lint-staged/11.2.6",
    "requester": "/Users/dream/develop/vue-lib",
    "status": "found_in_store"
  },
  "119 debug pnpm:progress": {
    "packageId": "registry.npmjs.org/lint-staged/11.2.6",
    "requester": "/Users/dream/develop/vue-lib",
    "status": "resolved"
  },
  "120 debug pnpm:progress": {
    "packageId": "registry.npmjs.org/prettier/2.6.2",
    "requester": "/Users/dream/develop/vue-lib",
    "status": "found_in_store"
  },
  "121 debug pnpm:progress": {
    "packageId": "registry.npmjs.org/prettier/2.6.2",
    "requester": "/Users/dream/develop/vue-lib",
    "status": "resolved"
  },
  "122 debug pnpm:progress": {
    "packageId": "registry.npmjs.org/sass/1.49.11",
    "requester": "/Users/dream/develop/vue-lib",
    "status": "found_in_store"
  },
  "123 debug pnpm:progress": {
    "packageId": "registry.npmjs.org/sass/1.49.11",
    "requester": "/Users/dream/develop/vue-lib",
    "status": "resolved"
  },
  "124 debug pnpm:progress": {
    "packageId": "registry.npmjs.org/sass-loader/12.6.0",
    "requester": "/Users/dream/develop/vue-lib",
    "status": "found_in_store"
  },
  "125 debug pnpm:progress": {
    "packageId": "registry.npmjs.org/sass-loader/12.6.0",
    "requester": "/Users/dream/develop/vue-lib",
    "status": "resolved"
  },
  "126 debug pnpm:progress": {
    "packageId": "registry.npmjs.org/standard-version/9.3.2",
    "requester": "/Users/dream/develop/vue-lib",
    "status": "found_in_store"
  },
  "127 debug pnpm:progress": {
    "packageId": "registry.npmjs.org/standard-version/9.3.2",
    "requester": "/Users/dream/develop/vue-lib",
    "status": "resolved"
  },
  "128 debug pnpm:progress": {
    "packageId": "registry.npmjs.org/ts-jest/27.1.4",
    "requester": "/Users/dream/develop/vue-lib",
    "status": "found_in_store"
  },
  "129 debug pnpm:progress": {
    "packageId": "registry.npmjs.org/ts-jest/27.1.4",
    "requester": "/Users/dream/develop/vue-lib",
    "status": "resolved"
  },
  "130 debug pnpm:progress": {
    "packageId": "registry.npmjs.org/typescript/4.5.5",
    "requester": "/Users/dream/develop/vue-lib",
    "status": "found_in_store"
  },
  "131 debug pnpm:progress": {
    "packageId": "registry.npmjs.org/typescript/4.5.5",
    "requester": "/Users/dream/develop/vue-lib",
    "status": "resolved"
  },
  "132 debug pnpm:progress": {
    "packageId": "registry.npmjs.org/vue-loader/16.8.3",
    "requester": "/Users/dream/develop/vue-lib",
    "status": "found_in_store"
  },
  "133 debug pnpm:progress": {
    "packageId": "registry.npmjs.org/vue-loader/16.8.3",
    "requester": "/Users/dream/develop/vue-lib",
    "status": "resolved"
  },
  "134 debug pnpm:progress": {
    "packageId": "registry.npmjs.org/vue/3.2.31",
    "requester": "/Users/dream/develop/vue-lib",
    "status": "found_in_store"
  },
  "135 debug pnpm:progress": {
    "packageId": "registry.npmjs.org/vue/3.2.31",
    "requester": "/Users/dream/develop/vue-lib",
    "status": "resolved"
  },
  "136 debug pnpm:progress": {
    "packageId": "registry.npmjs.org/vue-router/4.0.14",
    "requester": "/Users/dream/develop/vue-lib",
    "status": "found_in_store"
  },
  "137 debug pnpm:progress": {
    "packageId": "registry.npmjs.org/vue-router/4.0.14",
    "requester": "/Users/dream/develop/vue-lib",
    "status": "resolved"
  },
  "138 debug pnpm:progress": {
    "packageId": "registry.npmjs.org/vuex/4.0.2",
    "requester": "/Users/dream/develop/vue-lib",
    "status": "found_in_store"
  },
  "139 debug pnpm:progress": {
    "packageId": "registry.npmjs.org/vuex/4.0.2",
    "requester": "/Users/dream/develop/vue-lib",
    "status": "resolved"
  },
  "140 debug pnpm:progress": {
    "packageId": "registry.npmjs.org/core-js/3.21.1",
    "requester": "/Users/dream/develop/vue-lib",
    "status": "found_in_store"
  },
  "141 debug pnpm:progress": {
    "packageId": "registry.npmjs.org/core-js/3.21.1",
    "requester": "/Users/dream/develop/vue-lib",
    "status": "resolved"
  },
  "142 error pnpm": {
    "code": "ERR_PNPM_FETCH_404",
    "hint": "@element/utils is not in the npm registry, or you have no permission to fetch it.\n\nAn authorization header was used: Bearer npm_[hidden]",
    "request": {
      "authHeaderValue": "Bearer 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",
      "url": "https://registry.npmjs.org/@element%2Futils"
    },
    "response": {
      "size": 0
    },
    "pkgName": "@element/utils",
    "pkgsStack": [],
    "err": {
      "name": "pnpm",
      "message": "GET https://registry.npmjs.org/@element%2Futils: Not Found - 404",
      "code": "ERR_PNPM_FETCH_404",
      "stack": "pnpm: GET https://registry.npmjs.org/@element%2Futils: Not Found - 404\n    at RetryOperation._fn (/Users/dream/.nvm/versions/node/v14.19.1/pnpm-global/5/node_modules/.pnpm/pnpm@6.32.4/node_modules/pnpm/dist/pnpm.cjs:85721:19)\n    at processTicksAndRejections (internal/process/task_queues.js:95:5)"
    }
  }
}